<?xml version="1.0" encoding="utf-8"?><testsuites name="pytest tests"><testsuite name="pytest" errors="1" failures="0" skipped="0" tests="59" time="69.780" timestamp="2026-02-14T18:37:04.246768-06:00" hostname="home"><testcase classname="tests.test_agent.TestModels" name="test_benchmark_result_percentage" time="0.002" /><testcase classname="tests.test_agent.TestModels" name="test_benchmark_result_zero_max" time="0.001" /><testcase classname="tests.test_agent.TestModels" name="test_benchmark_suite_aggregation" time="0.003" /><testcase classname="tests.test_agent.TestModels" name="test_review_result_blocking" time="0.002" /><testcase classname="tests.test_agent.TestModels" name="test_pull_request_benchmark_delta" time="0.001" /><testcase classname="tests.test_agent.TestModels" name="test_agent_state_save_load" time="0.004" /><testcase classname="tests.test_agent.TestModels" name="test_agent_state_save_load_with_evolution_log" time="0.004" /><testcase classname="tests.test_agent.TestModels" name="test_evolution_entry_creation" time="0.001" /><testcase classname="tests.test_agent.TestPersonas" name="test_all_roles_have_personas" time="0.001" /><testcase classname="tests.test_agent.TestPersonas" name="test_reviewer_has_criteria" time="0.001" /><testcase classname="tests.test_agent.TestPersonas" name="test_builder_high_temperature" time="0.002" /><testcase classname="tests.test_agent.TestPersonas" name="test_persona_full_prompt" time="0.001" /><testcase classname="tests.test_agent.TestMockProvider" name="test_mock_detects_architect" time="0.019" /><testcase classname="tests.test_agent.TestMockProvider" name="test_mock_detects_reviewer" time="0.004" /><testcase classname="tests.test_agent.TestMockProvider" name="test_mock_logs_calls" time="0.003" /><testcase classname="tests.test_agent.TestGitOps" name="test_init_creates_repo" time="1.917" /><testcase classname="tests.test_agent.TestGitOps" name="test_create_branch" time="2.861" /><testcase classname="tests.test_agent.TestGitOps" name="test_commit_changes" time="3.756" /><testcase classname="tests.test_agent.TestGitOps" name="test_create_and_merge_pr" time="4.788" /><testcase classname="tests.test_agent.TestBenchmarks" name="test_doc_coverage_benchmark" time="0.007" /><testcase classname="tests.test_agent.TestBenchmarks" name="test_file_organization_benchmark" time="0.008" /><testcase classname="tests.test_agent.TestBenchmarks" name="test_complexity_benchmark" time="0.008" /><testcase classname="tests.test_agent.TestBenchmarks" name="test_import_check_benchmark" time="0.006" /><testcase classname="tests.test_agent.TestBenchmarks" name="test_import_check_with_syntax_error" time="0.010" /><testcase classname="tests.test_agent.TestBenchmarks" name="test_import_check_no_src_dir" time="0.005" /><testcase classname="tests.test_agent.TestBenchmarks" name="test_security_scan_clean" time="0.015" /><testcase classname="tests.test_agent.TestBenchmarks" name="test_security_scan_finds_eval" time="0.007" /><testcase classname="tests.test_agent.TestBenchmarks" name="test_security_scan_ignores_comments" time="0.006" /><testcase classname="tests.test_agent.TestBenchmarks" name="test_security_scan_no_src_dir" time="0.004" /><testcase classname="tests.test_agent.TestBenchmarks" name="test_parse_pytest_stdout" time="0.001" /><testcase classname="tests.test_agent.TestBenchmarks" name="test_parse_pytest_stdout_only_passed" time="0.002" /><testcase classname="tests.test_agent.TestBenchmarks" name="test_suite_comparison" time="0.001" /><testcase classname="tests.test_agent.TestBenchmarks" name="test_format_report" time="0.001" /><testcase classname="tests.test_agent.TestIntegration" name="test_full_generation_with_mock" time="38.586" /><testcase classname="tests.test_agent.TestJsonParsing" name="test_parse_clean_json" time="0.001" /><testcase classname="tests.test_agent.TestJsonParsing" name="test_parse_json_fenced_with_lang" time="0.001" /><testcase classname="tests.test_agent.TestJsonParsing" name="test_parse_json_fenced_without_lang" time="0.001" /><testcase classname="tests.test_agent.TestJsonParsing" name="test_parse_json_with_trailing_text" time="0.001" /><testcase classname="tests.test_agent.TestJsonParsing" name="test_parse_json_with_leading_text" time="0.001" /><testcase classname="tests.test_agent.TestJsonParsing" name="test_parse_multiple_json_blocks" time="0.001" /><testcase classname="tests.test_agent.TestJsonParsing" name="test_parse_completely_missing_json" time="0.002" /><testcase classname="tests.test_agent.TestJsonParsing" name="test_parse_nested_json" time="0.001" /><testcase classname="tests.test_agent.TestJsonParsing" name="test_parse_json_with_newlines_in_strings" time="0.001" /><testcase classname="tests.test_agent.TestJsonParsing" name="test_parse_json_embedded_in_markdown" time="0.001" /><testcase classname="tests.test_agent.TestJsonParsing" name="test_parse_empty_response" time="0.001" /><testcase classname="tests.test_agent.TestJsonParsing" name="test_parse_json_array_not_object" time="0.002" /><testcase classname="tests.test_agent.TestJsonParsing" name="test_extract_first_json_object" time="0.001" /><testcase classname="tests.test_agent.TestJsonParsing" name="test_extract_first_json_object_none" time="0.001" /><testcase classname="tests.test_agent.TestSchemaValidation" name="test_validate_architect_valid" time="0.005" /><testcase classname="tests.test_agent.TestSchemaValidation" name="test_validate_architect_missing_title" time="0.002" /><testcase classname="tests.test_agent.TestSchemaValidation" name="test_validate_builder_valid" time="0.002" /><testcase classname="tests.test_agent.TestSchemaValidation" name="test_validate_builder_missing_changes" time="0.001" /><testcase classname="tests.test_agent.TestSchemaValidation" name="test_validate_builder_bad_change_entry" time="0.001" /><testcase classname="tests.test_agent.TestSchemaValidation" name="test_validate_reviewer_valid" time="0.002" /><testcase classname="tests.test_agent.TestSchemaValidation" name="test_validate_reviewer_missing_approved" time="0.003" /><testcase classname="tests.test_agent.TestSchemaValidation" name="test_validate_reviewer_bad_score_type" time="0.002" /><testcase classname="tests.test_agent.TestSchemaValidation" name="test_validate_unknown_persona_passes_through" time="0.001" /><testcase classname="tests.test_agent.TestSchemaValidation" name="test_validate_error_response_passes_through" time="0.002" /><testcase time="0.003" /><testcase classname="pytest" name="internal" time="0.000"><error message="internal error">Traceback (most recent call last):
  File "C:\Users\bms26\AppData\Roaming\Python\Python312\site-packages\_pytest\main.py", line 318, in wrap_session
    session.exitstatus = doit(config, session) or 0
                         ^^^^^^^^^^^^^^^^^^^^^
  File "C:\Users\bms26\AppData\Roaming\Python\Python312\site-packages\_pytest\main.py", line 372, in _main
    config.hook.pytest_runtestloop(session=session)
  File "C:\Users\bms26\AppData\Roaming\Python\Python312\site-packages\pluggy\_hooks.py", line 512, in __call__
    return self._hookexec(self.name, self._hookimpls.copy(), kwargs, firstresult)
           ^^^^^^^^^^^^^^^^^^^^^^^^^^^^^^^^^^^^^^^^^^^^^^^^^^^^^^^^^^^^^^^^^^^^^^
  File "C:\Users\bms26\AppData\Roaming\Python\Python312\site-packages\pluggy\_manager.py", line 120, in _hookexec
    return self._inner_hookexec(hook_name, methods, kwargs, firstresult)
           ^^^^^^^^^^^^^^^^^^^^^^^^^^^^^^^^^^^^^^^^^^^^^^^^^^^^^^^^^^^^^
  File "C:\Users\bms26\AppData\Roaming\Python\Python312\site-packages\pluggy\_callers.py", line 167, in _multicall
    raise exception
  File "C:\Users\bms26\AppData\Roaming\Python\Python312\site-packages\pluggy\_callers.py", line 139, in _multicall
    teardown.throw(exception)
  File "C:\Users\bms26\AppData\Roaming\Python\Python312\site-packages\_pytest\logging.py", line 801, in pytest_runtestloop
    return (yield)  # Run all the tests.
            ^^^^^
  File "C:\Users\bms26\AppData\Roaming\Python\Python312\site-packages\pluggy\_callers.py", line 139, in _multicall
    teardown.throw(exception)
  File "C:\Users\bms26\AppData\Roaming\Python\Python312\site-packages\_pytest\terminal.py", line 707, in pytest_runtestloop
    result = yield
             ^^^^^
  File "C:\Users\bms26\AppData\Roaming\Python\Python312\site-packages\pluggy\_callers.py", line 121, in _multicall
    res = hook_impl.function(*args)
          ^^^^^^^^^^^^^^^^^^^^^^^^^
  File "C:\Users\bms26\AppData\Roaming\Python\Python312\site-packages\_pytest\main.py", line 396, in pytest_runtestloop
    item.config.hook.pytest_runtest_protocol(item=item, nextitem=nextitem)
  File "C:\Users\bms26\AppData\Roaming\Python\Python312\site-packages\pluggy\_hooks.py", line 512, in __call__
    return self._hookexec(self.name, self._hookimpls.copy(), kwargs, firstresult)
           ^^^^^^^^^^^^^^^^^^^^^^^^^^^^^^^^^^^^^^^^^^^^^^^^^^^^^^^^^^^^^^^^^^^^^^
  File "C:\Users\bms26\AppData\Roaming\Python\Python312\site-packages\pluggy\_manager.py", line 120, in _hookexec
    return self._inner_hookexec(hook_name, methods, kwargs, firstresult)
           ^^^^^^^^^^^^^^^^^^^^^^^^^^^^^^^^^^^^^^^^^^^^^^^^^^^^^^^^^^^^^
  File "C:\Users\bms26\AppData\Roaming\Python\Python312\site-packages\pluggy\_callers.py", line 167, in _multicall
    raise exception
  File "C:\Users\bms26\AppData\Roaming\Python\Python312\site-packages\pluggy\_callers.py", line 139, in _multicall
    teardown.throw(exception)
  File "C:\Users\bms26\AppData\Roaming\Python\Python312\site-packages\_pytest\warnings.py", line 89, in pytest_runtest_protocol
    return (yield)
            ^^^^^
  File "C:\Users\bms26\AppData\Roaming\Python\Python312\site-packages\pluggy\_callers.py", line 139, in _multicall
    teardown.throw(exception)
  File "C:\Users\bms26\AppData\Roaming\Python\Python312\site-packages\_pytest\assertion\__init__.py", line 192, in pytest_runtest_protocol
    return (yield)
            ^^^^^
  File "C:\Users\bms26\AppData\Roaming\Python\Python312\site-packages\pluggy\_callers.py", line 139, in _multicall
    teardown.throw(exception)
  File "C:\Users\bms26\AppData\Roaming\Python\Python312\site-packages\_pytest\unittest.py", line 587, in pytest_runtest_protocol
    return (yield)
            ^^^^^
  File "C:\Users\bms26\AppData\Roaming\Python\Python312\site-packages\pluggy\_callers.py", line 139, in _multicall
    teardown.throw(exception)
  File "C:\Users\bms26\AppData\Roaming\Python\Python312\site-packages\_pytest\faulthandler.py", line 102, in pytest_runtest_protocol
    return (yield)
            ^^^^^
  File "C:\Users\bms26\AppData\Roaming\Python\Python312\site-packages\pluggy\_callers.py", line 121, in _multicall
    res = hook_impl.function(*args)
          ^^^^^^^^^^^^^^^^^^^^^^^^^
  File "C:\Users\bms26\AppData\Roaming\Python\Python312\site-packages\_pytest\runner.py", line 118, in pytest_runtest_protocol
    runtestprotocol(item, nextitem=nextitem)
  File "C:\Users\bms26\AppData\Roaming\Python\Python312\site-packages\_pytest\runner.py", line 137, in runtestprotocol
    reports.append(call_and_report(item, "call", log))
                   ^^^^^^^^^^^^^^^^^^^^^^^^^^^^^^^^^^
  File "C:\Users\bms26\AppData\Roaming\Python\Python312\site-packages\_pytest\runner.py", line 251, in call_and_report
    ihook.pytest_runtest_logreport(report=report)
  File "C:\Users\bms26\AppData\Roaming\Python\Python312\site-packages\pluggy\_hooks.py", line 512, in __call__
    return self._hookexec(self.name, self._hookimpls.copy(), kwargs, firstresult)
           ^^^^^^^^^^^^^^^^^^^^^^^^^^^^^^^^^^^^^^^^^^^^^^^^^^^^^^^^^^^^^^^^^^^^^^
  File "C:\Users\bms26\AppData\Roaming\Python\Python312\site-packages\pluggy\_manager.py", line 120, in _hookexec
    return self._inner_hookexec(hook_name, methods, kwargs, firstresult)
           ^^^^^^^^^^^^^^^^^^^^^^^^^^^^^^^^^^^^^^^^^^^^^^^^^^^^^^^^^^^^^
  File "C:\Users\bms26\AppData\Roaming\Python\Python312\site-packages\pluggy\_callers.py", line 167, in _multicall
    raise exception
  File "C:\Users\bms26\AppData\Roaming\Python\Python312\site-packages\pluggy\_callers.py", line 121, in _multicall
    res = hook_impl.function(*args)
          ^^^^^^^^^^^^^^^^^^^^^^^^^
  File "C:\Users\bms26\AppData\Roaming\Python\Python312\site-packages\_pytest\terminal.py", line 698, in pytest_runtest_logreport
    self.flush()
  File "C:\Users\bms26\AppData\Roaming\Python\Python312\site-packages\_pytest\terminal.py", line 531, in flush
    self._tw.flush()
  File "C:\Users\bms26\AppData\Roaming\Python\Python312\site-packages\_pytest\_io\terminalwriter.py", line 187, in flush
    self._file.flush()
OSError: [Errno 22] Invalid argument</error></testcase></testsuite></testsuites>